<?xml version="1.0" encoding="UTF-8" ?>
<testsuite tests="7" failures="6" name="com.sg.jdbctcomplexexample.dao.MeetingDaoDBTest" time="0" errors="0" skipped="0">
  <properties>
[...]
</properties>
  <testcase classname="com.sg.jdbctcomplexexample.dao.MeetingDaoDBTest" name="com.sg.jdbctcomplexexample.dao.MeetingDaoDBTest.testGetMeetingsForRoom" time="0">
    <failure message="Cannot invoke &quot;com.sg.jdbctcomplexexample.dao.EmployeeDao.addEmployee(com.sg.jdbctcomplexexample.entity.Employee)&quot; because &quot;this.employeeDao&quot; is null" type="java.lang.NullPointerException">java.lang.NullPointerException: Cannot invoke &quot;com.sg.jdbctcomplexexample.dao.EmployeeDao.addEmployee(com.sg.jdbctcomplexexample.entity.Employee)&quot; because &quot;this.employeeDao&quot; is null
	at com.sg.jdbctcomplexexample.dao.MeetingDaoDBTest.testGetMeetingsForRoom(MeetingDaoDBTest.java:225)
</failure>
  </testcase>
  <testcase classname="com.sg.jdbctcomplexexample.dao.MeetingDaoDBTest" name="com.sg.jdbctcomplexexample.dao.MeetingDaoDBTest.testGetMeetingsForEmployee" time="0">
    <failure message="Cannot invoke &quot;com.sg.jdbctcomplexexample.dao.EmployeeDao.addEmployee(com.sg.jdbctcomplexexample.entity.Employee)&quot; because &quot;this.employeeDao&quot; is null" type="java.lang.NullPointerException">java.lang.NullPointerException: Cannot invoke &quot;com.sg.jdbctcomplexexample.dao.EmployeeDao.addEmployee(com.sg.jdbctcomplexexample.entity.Employee)&quot; because &quot;this.employeeDao&quot; is null
	at com.sg.jdbctcomplexexample.dao.MeetingDaoDBTest.testGetMeetingsForEmployee(MeetingDaoDBTest.java:278)
</failure>
  </testcase>
  <testcase classname="com.sg.jdbctcomplexexample.dao.MeetingDaoDBTest" name="com.sg.jdbctcomplexexample.dao.MeetingDaoDBTest.testGetAllMeetings" time="0">
    <failure message="Cannot invoke &quot;com.sg.jdbctcomplexexample.dao.RoomDao.addRoom(com.sg.jdbctcomplexexample.entity.Room)&quot; because &quot;this.roomDao&quot; is null" type="java.lang.NullPointerException">java.lang.NullPointerException: Cannot invoke &quot;com.sg.jdbctcomplexexample.dao.RoomDao.addRoom(com.sg.jdbctcomplexexample.entity.Room)&quot; because &quot;this.roomDao&quot; is null
	at com.sg.jdbctcomplexexample.dao.MeetingDaoDBTest.testGetAllMeetings(MeetingDaoDBTest.java:98)
</failure>
  </testcase>
  <testcase classname="com.sg.jdbctcomplexexample.dao.MeetingDaoDBTest" name="com.sg.jdbctcomplexexample.dao.MeetingDaoDBTest.testDeleteMeeting" time="0">
    <failure message="Cannot invoke &quot;com.sg.jdbctcomplexexample.dao.EmployeeDao.addEmployee(com.sg.jdbctcomplexexample.entity.Employee)&quot; because &quot;this.employeeDao&quot; is null" type="java.lang.NullPointerException">java.lang.NullPointerException: Cannot invoke &quot;com.sg.jdbctcomplexexample.dao.EmployeeDao.addEmployee(com.sg.jdbctcomplexexample.entity.Employee)&quot; because &quot;this.employeeDao&quot; is null
	at com.sg.jdbctcomplexexample.dao.MeetingDaoDBTest.testDeleteMeeting(MeetingDaoDBTest.java:193)
</failure>
  </testcase>
  <testcase classname="com.sg.jdbctcomplexexample.dao.MeetingDaoDBTest" name="com.sg.jdbctcomplexexample.dao.MeetingDaoDBTest.testUpdateMeeting" time="0">
    <failure message="Cannot invoke &quot;com.sg.jdbctcomplexexample.dao.RoomDao.addRoom(com.sg.jdbctcomplexexample.entity.Room)&quot; because &quot;this.roomDao&quot; is null" type="java.lang.NullPointerException">java.lang.NullPointerException: Cannot invoke &quot;com.sg.jdbctcomplexexample.dao.RoomDao.addRoom(com.sg.jdbctcomplexexample.entity.Room)&quot; because &quot;this.roomDao&quot; is null
	at com.sg.jdbctcomplexexample.dao.MeetingDaoDBTest.testUpdateMeeting(MeetingDaoDBTest.java:144)
</failure>
  </testcase>
  <testcase classname="com.sg.jdbctcomplexexample.dao.MeetingDaoDBTest" name="com.sg.jdbctcomplexexample.dao.MeetingDaoDBTest.testAddGetMeeting" time="0">
    <failure message="Cannot invoke &quot;com.sg.jdbctcomplexexample.dao.RoomDao.addRoom(com.sg.jdbctcomplexexample.entity.Room)&quot; because &quot;this.roomDao&quot; is null" type="java.lang.NullPointerException">java.lang.NullPointerException: Cannot invoke &quot;com.sg.jdbctcomplexexample.dao.RoomDao.addRoom(com.sg.jdbctcomplexexample.entity.Room)&quot; because &quot;this.roomDao&quot; is null
	at com.sg.jdbctcomplexexample.dao.MeetingDaoDBTest.testAddGetMeeting(MeetingDaoDBTest.java:68)
</failure>
  </testcase>
  <testcase classname="com.sg.jdbctcomplexexample.dao.MeetingDaoDBTest" name="com.sg.jdbctcomplexexample.dao.MeetingDaoDBTest.testAddMeeting" time="0"/>
</testsuite>