<?xml version="1.0" encoding="UTF-8"?>
<testsuite xmlns:xsi="http://www.w3.org/2001/XMLSchema-instance" xsi:noNamespaceSchemaLocation="https://maven.apache.org/surefire/maven-surefire-plugin/xsd/surefire-test-report.xsd" name="com.sg.guessthenumber.data.RoundDatabaseDaoTest" time="0" tests="1" errors="1" skipped="0" failures="0">
  <properties>
[...]
</properties>
  <testcase name="testAddNewRound" classname="com.sg.guessthenumber.data.RoundDatabaseDaoTest" time="0">
    <error message="Cannot invoke &quot;com.sg.guessthenumber.data.GameDao.findGameById(int)&quot; because &quot;this.gameDao&quot; is null" type="java.lang.NullPointerException">java.lang.NullPointerException: Cannot invoke "com.sg.guessthenumber.data.GameDao.findGameById(int)" because "this.gameDao" is null
	at com.sg.guessthenumber.data.RoundDatabaseDaoTest.testAddNewRound(RoundDatabaseDaoTest.java:32)
</error>
  </testcase>
</testsuite>