<?xml version="1.0" encoding="UTF-8"?>
<testsuite xmlns:xsi="http://www.w3.org/2001/XMLSchema-instance" xsi:noNamespaceSchemaLocation="https://maven.apache.org/surefire/maven-surefire-plugin/xsd/surefire-test-report.xsd" name="com.sg.guessthenumber.data.GameDatabaseDaoTest" time="2.831" tests="3" errors="0" skipped="0" failures="2">
  <properties>
[...]
</properties>
  <testcase name="testEndGame" classname="com.sg.guessthenumber.data.GameDatabaseDaoTest" time="0.717">
    <failure message="expected: &lt;true&gt; but was: &lt;false&gt;" type="org.opentest4j.AssertionFailedError"><![CDATA[org.opentest4j.AssertionFailedError: expected: <true> but was: <false>
	at com.sg.guessthenumber.data.GameDatabaseDaoTest.testEndGame(GameDatabaseDaoTest.java:72)
]]></failure>
    <system-out><![CDATA[13:58:05.341 [main] DEBUG org.springframework.boot.test.context.SpringBootTestContextBootstrapper - Neither @ContextConfiguration nor @ContextHierarchy found for test class [GameDatabaseDaoTest]: using SpringBootContextLoader
13:58:05.345 [main] DEBUG org.springframework.test.context.support.AbstractContextLoader - Could not detect default resource locations for test class [com.sg.guessthenumber.data.GameDatabaseDaoTest]: no resource found for suffixes {-context.xml, Context.groovy}.
13:58:05.346 [main] INFO org.springframework.test.context.support.AnnotationConfigContextLoaderUtils - Could not detect default configuration classes for test class [com.sg.guessthenumber.data.GameDatabaseDaoTest]: GameDatabaseDaoTest does not declare any static, non-private, non-final, nested classes annotated with @Configuration.
13:58:05.368 [main] DEBUG org.springframework.boot.test.context.SpringBootTestContextBootstrapper - Using ContextCustomizers for test class [GameDatabaseDaoTest]: [ExcludeFilterContextCustomizer, DuplicateJsonObjectContextCustomizer, MockitoContextCustomizer, TestRestTemplateContextCustomizer, DisableObservabilityContextCustomizer, PropertyMappingContextCustomizer, Customizer]
13:58:05.433 [main] DEBUG org.springframework.context.annotation.ClassPathScanningCandidateComponentProvider - Identified candidate component class: file [G:\Code\wiley_edge\exercise-repo-NickeeCoco\GuessTheNumber\target\classes\com\sg\guessthenumber\App.class]
13:58:05.434 [main] INFO org.springframework.boot.test.context.SpringBootTestContextBootstrapper - Found @SpringBootConfiguration com.sg.guessthenumber.App for test class com.sg.guessthenumber.data.GameDatabaseDaoTest
13:58:05.535 [main] DEBUG org.springframework.boot.test.context.SpringBootTestContextBootstrapper - Using TestExecutionListeners for test class [GameDatabaseDaoTest]: [ServletTestExecutionListener, DirtiesContextBeforeModesTestExecutionListener, ApplicationEventsTestExecutionListener, MockitoTestExecutionListener, DependencyInjectionTestExecutionListener, DirtiesContextTestExecutionListener, TransactionalTestExecutionListener, SqlScriptsTestExecutionListener, EventPublishingTestExecutionListener, ResetMocksTestExecutionListener, RestDocsTestExecutionListener, MockRestServiceServerResetTestExecutionListener, MockMvcPrintOnlyOnFailureTestExecutionListener, WebDriverTestExecutionListener, MockWebServiceServerTestExecutionListener]
13:58:05.537 [main] DEBUG org.springframework.test.context.support.AbstractDirtiesContextTestExecutionListener - Before test class: class [GameDatabaseDaoTest], class annotated with @DirtiesContext [false] with mode [null]

  .   ____          _            __ _ _
 /\\ / ___'_ __ _ _(_)_ __  __ _ \ \ \ \
( ( )\___ | '_ | '_| | '_ \/ _` | \ \ \ \
 \\/  ___)| |_)| | | | | || (_| |  ) ) ) )
  '  |____| .__|_| |_|_| |_\__, | / / / /
 =========|_|==============|___/=/_/_/_/
 :: Spring Boot ::                (v3.0.1)

2023-01-12T13:58:05.822-05:00  INFO 11612 --- [           main] c.s.g.data.GameDatabaseDaoTest           : Starting GameDatabaseDaoTest using Java 17.0.5 with PID 11612 (started by Nickee Coco in G:\Code\wiley_edge\exercise-repo-NickeeCoco\GuessTheNumber)
2023-01-12T13:58:05.823-05:00  INFO 11612 --- [           main] c.s.g.data.GameDatabaseDaoTest           : No active profile set, falling back to 1 default profile: "default"
2023-01-12T13:58:07.274-05:00  INFO 11612 --- [           main] c.s.g.data.GameDatabaseDaoTest           : Started GameDatabaseDaoTest in 1.701 seconds (process running for 2.504)
2023-01-12T13:58:07.764-05:00  INFO 11612 --- [           main] com.zaxxer.hikari.HikariDataSource       : HikariPool-1 - Starting...
2023-01-12T13:58:07.948-05:00  INFO 11612 --- [           main] com.zaxxer.hikari.pool.HikariPool        : HikariPool-1 - Added connection com.mysql.cj.jdbc.ConnectionImpl@5cc1bf20
2023-01-12T13:58:07.950-05:00  INFO 11612 --- [           main] com.zaxxer.hikari.HikariDataSource       : HikariPool-1 - Start completed.
]]></system-out>
  </testcase>
  <testcase name="testGetAllGames" classname="com.sg.guessthenumber.data.GameDatabaseDaoTest" time="0.018">
    <failure message="expected: &lt;true&gt; but was: &lt;false&gt;" type="org.opentest4j.AssertionFailedError"><![CDATA[org.opentest4j.AssertionFailedError: expected: <true> but was: <false>
	at com.sg.guessthenumber.data.GameDatabaseDaoTest.testGetAllGames(GameDatabaseDaoTest.java:60)
]]></failure>
  </testcase>
  <testcase name="testAddGetNewGame" classname="com.sg.guessthenumber.data.GameDatabaseDaoTest" time="0.007"/>
</testsuite>